\BOOKMARK [1][-]{section.1}{Entrevista}{}% 1
\BOOKMARK [1][-]{section.2}{Relevamiento de la Organizaci\363n}{}% 2
\BOOKMARK [2][-]{subsection.2.1}{Clientes}{section.2}% 3
\BOOKMARK [3][-]{subsubsection.2.1.1}{Cuenta Corriente}{subsection.2.1}% 4
\BOOKMARK [2][-]{subsection.2.2}{Integrantes de la Organizaci\363n}{section.2}% 5
\BOOKMARK [2][-]{subsection.2.3}{Proveedores}{section.2}% 6
\BOOKMARK [3][-]{subsubsection.2.3.1}{Stock y Pedidos}{subsection.2.3}% 7
\BOOKMARK [2][-]{subsection.2.4}{\323rdenes de Trabajo}{section.2}% 8
\BOOKMARK [3][-]{subsubsection.2.4.1}{Estados}{subsection.2.4}% 9
\BOOKMARK [3][-]{subsubsection.2.4.2}{Facturaci\363n y cobros}{subsection.2.4}% 10
\BOOKMARK [2][-]{subsection.2.5}{Actividades}{section.2}% 11
\BOOKMARK [3][-]{subsubsection.2.5.1}{Reparaci\363n de Equipos}{subsection.2.5}% 12
\BOOKMARK [3][-]{subsubsection.2.5.2}{Visitas a clientes}{subsection.2.5}% 13
\BOOKMARK [3][-]{subsubsection.2.5.3}{Trabajos tercerizados}{subsection.2.5}% 14
\BOOKMARK [3][-]{subsubsection.2.5.4}{Venta al P\372blico}{subsection.2.5}% 15
\BOOKMARK [1][-]{section.3}{Casos de uso}{}% 16
\BOOKMARK [2][-]{subsection.3.1}{Listado de Casos de uso}{section.3}% 17
\BOOKMARK [2][-]{subsection.3.2}{Casos de uso breves}{section.3}% 18
\BOOKMARK [3][-]{subsubsection.3.2.1}{Clientes}{subsection.3.2}% 19
\BOOKMARK [3][-]{subsubsection.3.2.2}{Proveedores}{subsection.3.2}% 20
\BOOKMARK [3][-]{subsubsection.3.2.3}{Empleados}{subsection.3.2}% 21
\BOOKMARK [3][-]{subsubsection.3.2.4}{Equipos}{subsection.3.2}% 22
\BOOKMARK [3][-]{subsubsection.3.2.5}{Stock}{subsection.3.2}% 23
\BOOKMARK [3][-]{subsubsection.3.2.6}{Actividades}{subsection.3.2}% 24
\BOOKMARK [3][-]{subsubsection.3.2.7}{\323rdenes de trabajo}{subsection.3.2}% 25
\BOOKMARK [3][-]{subsubsection.3.2.8}{Facturas, Cobros y Ventas}{subsection.3.2}% 26
\BOOKMARK [3][-]{subsubsection.3.2.9}{Pedidos a proveedores}{subsection.3.2}% 27
\BOOKMARK [2][-]{subsection.3.3}{Casos de Uso expandidos}{section.3}% 28
\BOOKMARK [1][-]{section.4}{Anexo}{}% 29
